"../../../../../../Users/digit/Desktop/food-truck-sim/Content/VirtualReality/Mannequin/Character/Mesh/MannequinHand_Right_Skeleton.uasset" 0
"../../../../../../Users/digit/Desktop/food-truck-sim/Content/VirtualReality/Mannequin/Animations/MannequinHand_Right_CanGrab.uasset" 1
"../../../../../../Users/digit/Desktop/food-truck-sim/Content/VirtualReality/Mannequin/Animations/MannequinHand_Right_Grab.uasset" 2
"../../../../../../Users/digit/Desktop/food-truck-sim/Content/VirtualReality/Mannequin/Animations/MannequinHand_Right_Open.uasset" 3
"../../../../../../Users/digit/Desktop/food-truck-sim/Content/VirtualReality/Mannequin/Animations/RightGrip_BS.uasset" 4
"../../../../../../Users/digit/Desktop/food-truck-sim/Content/Blueprints/VR/GripEnum.uasset" 5
"../../../../../../Users/digit/Desktop/food-truck-sim/Content/VirtualReality/Mannequin/Animations/RightHand_AnimBP.uasset" 6
"../../../Engine/Content/EditorBlueprintResources/StandardMacros.uasset" 7
"../../../../../../Users/digit/Desktop/food-truck-sim/Content/Blueprints/VR/PickupActorInterface.uasset" 8
"../../../../../../Users/digit/Desktop/food-truck-sim/Content/Blueprints/VR/MotionControllerHaptics.uasset" 9
"../../../Engine/Content/Functions/Engine_MaterialFunctions02/Utility/BreakOutFloat2Components.uasset" 10
"../../../Engine/Content/Functions/Engine_MaterialFunctions01/Texturing/ScaleUVsByCenter.uasset" 11
"../../../Engine/Content/Functions/Engine_MaterialFunctions02/ScreenResolution.uasset" 12
"../../../Engine/Content/Functions/Engine_MaterialFunctions02/Texturing/ScreenAlignedUVs.uasset" 13
"../../../Engine/Content/Functions/Engine_MaterialFunctions02/Utility/CameraDirectionVector.uasset" 14
"../../../Engine/Content/Functions/Engine_MaterialFunctions02/Utility/DepthFromWorldPosition.uasset" 15
"../../../../../../Users/digit/Desktop/food-truck-sim/Content/Materials/MF_OccludedPixels.uasset" 16
"../../../../../../Users/digit/Desktop/food-truck-sim/Content/Materials/TeleportMCP.uasset" 17
"../../../Engine/Content/EngineMaterials/Good64x64TilingNoiseHighFreq.uasset" 18
"../../../../../../Users/digit/Desktop/food-truck-sim/Content/Materials/M_ArcEndpoint.uasset" 19
"../../../../../../Users/digit/Desktop/food-truck-sim/Content/Materials/M_SplineArcMat.uasset" 20
"../../../../../../Users/digit/Desktop/food-truck-sim/Content/Materials/M_TeleportPreviews.uasset" 21
"../../../../../../Users/digit/Desktop/food-truck-sim/Content/Materials/MI_ChaperoneOutline.uasset" 22
"../../../../../../Users/digit/Desktop/food-truck-sim/Content/Materials/MI_TeleportCylinderPreview.uasset" 23
"../../../Engine/Content/Functions/Engine_MaterialFunctions01/Opacity/CameraDepthFade.uasset" 24
"../../../Engine/Content/EngineMaterials/T_Default_Material_Grid_M.uasset" 25
"../../../Engine/Content/EngineMaterials/T_Default_Material_Grid_N.uasset" 26
"../../../Engine/Content/EngineMaterials/DefaultMaterial.uasset" 27
"../../../Engine/Content/BasicShapes/Cylinder.uasset" 28
"../../../Engine/Content/BasicShapes/Sphere.uasset" 29
"../../../Engine/Content/EngineMaterials/WorldGridMaterial.uasset" 30
"../../../../../../Users/digit/Desktop/food-truck-sim/Content/Meshes/1x1_cube.uasset" 31
"../../../../../../Users/digit/Desktop/food-truck-sim/Content/Meshes/BeaconDirection.uasset" 32
"../../../../../../Users/digit/Desktop/food-truck-sim/Content/Meshes/BeamMesh.uasset" 33
"../../../../../../Users/digit/Desktop/food-truck-sim/Content/Meshes/SM_FatCylinder.uasset" 34
"../../../../../../Users/digit/Desktop/food-truck-sim/Content/VirtualReality/Mannequin/Character/Textures/UE4_Mannequin__normals.uasset" 35
"../../../../../../Users/digit/Desktop/food-truck-sim/Content/VirtualReality/Mannequin/Character/Textures/UE4_Mannequin_MAT_MASKA.uasset" 36
"../../../../../../Users/digit/Desktop/food-truck-sim/Content/VirtualReality/Mannequin/Character/Materials/M_HandMat.uasset" 37
"../../../../../../Users/digit/Desktop/food-truck-sim/Content/VirtualReality/Mannequin/Character/Mesh/MannequinHand_Right_PhysicsAsset.uasset" 38
"../../../../../../Users/digit/Desktop/food-truck-sim/Content/VirtualReality/Mannequin/Character/Mesh/MannequinHand_Right.uasset" 39
"../../../../../../Users/digit/Desktop/food-truck-sim/Content/Blueprints/VR/BP_MotionController.uasset" 40
"../../../../../../Users/digit/Desktop/food-truck-sim/Content/Blueprints/VR/MotionControllerPawn.uasset" 41
"../../../../../../Users/digit/Desktop/food-truck-sim/Content/Blueprints/MotionControllerPawn.uasset" 42
"../../../../../../Users/digit/Desktop/food-truck-sim/Content/Materials/M_BaseMaterial.uasset" 43
"../../../../../../Users/digit/Desktop/food-truck-sim/Content/Materials/MI_SmallCubes.uasset" 44
"../../../../../../Users/digit/Desktop/food-truck-sim/Content/Meshes/CubeMaterial.uasset" 45
"../../../../../../Users/digit/Desktop/food-truck-sim/Content/Meshes/1M_Cube.uasset" 46
"../../../../../../Users/digit/Desktop/food-truck-sim/Content/Blueprints/VR/BP_PickupCube.uasset" 47
"../../../../../../Users/digit/Desktop/food-truck-sim/Content/Blueprints/VR/HMDLocomotionPawn.uasset" 48
"../../../../../../Users/digit/Desktop/food-truck-sim/Content/Meshes/1M_Cube_Chamfer.uasset" 49
"../../../../../../Users/digit/Desktop/food-truck-sim/Content/Materials/GenericHMDMaterial.uasset" 50
"../../../../../../Users/digit/Desktop/food-truck-sim/Content/Meshes/GenericHMD.uasset" 51
"../../../../../../Users/digit/Desktop/food-truck-sim/Content/Meshes/SM_scooper.uasset" 52
"../../../../../../Users/digit/Desktop/food-truck-sim/Content/Meshes/TemplateFloor.uasset" 53
"../../../Engine/Content/Animation/DefaultAnimBoneCompressionSettings.uasset" 54
"../../../Engine/Content/Animation/DefaultAnimCurveCompressionSettings.uasset" 55
"../../../Engine/Content/ArtTools/RenderToTexture/Meshes/S_1_Unit_Plane.uasset" 56
"../../../Engine/Content/BasicShapes/Cone.uasset" 57
"../../../Engine/Content/EditorLandscapeResources/DataLayer.uasset" 58
"../../../Engine/Content/EditorMaterials/MAT_Groups_Toggle.uasset" 59
"../../../Engine/Content/EditorMaterials/MAT_Groups_Visibility.uasset" 60
"../../../Engine/Content/EditorMaterials/PreviewShadowIndicator.uasset" 61
"../../../Engine/Content/EditorMaterials/PreviewShadowIndicatorMaterial.uasset" 62
"../../../Engine/Content/EditorMaterials/MatineeGroups/MAT_ColorTrack.uasset" 63
"../../../Engine/Content/EditorMaterials/MatineeGroups/MAT_Groups_Anim.uasset" 64
"../../../Engine/Content/EditorMaterials/MatineeGroups/MAT_Groups_AudioMaster.uasset" 65
"../../../Engine/Content/EditorMaterials/MatineeGroups/MAT_Groups_Director.uasset" 66
"../../../Engine/Content/EditorMaterials/MatineeGroups/MAT_Groups_Event.uasset" 67
"../../../Engine/Content/EditorMaterials/MatineeGroups/MAT_Groups_Fade.uasset" 68
"../../../Engine/Content/EditorMaterials/MatineeGroups/MAT_Groups_Float.uasset" 69
"../../../Engine/Content/EditorMaterials/MatineeGroups/MAT_Groups_Move.uasset" 70
"../../../Engine/Content/EditorMaterials/MatineeGroups/MAT_Groups_Slomo.uasset" 71
"../../../Engine/Content/EditorMaterials/MatineeGroups/MAT_Groups_Sound.uasset" 72
"../../../Engine/Content/EditorMaterials/MatineeGroups/MAT_Groups_Vector.uasset" 73
"../../../Engine/Content/EditorMaterials/ParticleSystems/PSysThumbnail_NoImage.uasset" 74
"../../../Engine/Content/EditorMaterials/ParticleSystems/PSysThumbnail_OOD.uasset" 75
"../../../Engine/Content/EditorMaterials/Camera/CineMat.uasset" 76
"../../../Engine/Content/EditorMaterials/Camera/MI_CineMat_Rig.uasset" 77
"../../../Engine/Content/EditorMeshes/Camera/SM_CraneRig_Arm.uasset" 78
"../../../Engine/Content/EditorMeshes/Camera/SM_CraneRig_Base.uasset" 79
"../../../Engine/Content/EditorMeshes/Camera/SM_CraneRig_Body.uasset" 80
"../../../Engine/Content/EditorMeshes/Camera/SM_CraneRig_Mount.uasset" 81
"../../../Engine/Content/EditorMeshes/Camera/SM_RailRig_Mount.uasset" 82
"../../../Engine/Content/EditorMeshes/Camera/SM_RailRig_Track.uasset" 83
"../../../Engine/Content/EditorResources/BSPVertex.uasset" 84
"../../../Engine/Content/EditorResources/EmptyActor.uasset" 85
"../../../Engine/Content/EditorResources/S_Actor.uasset" 86
"../../../Engine/Content/EditorResources/S_Note.uasset" 87
"../../../Engine/Content/EditorResources/S_Solver.uasset" 88
"../../../Engine/Content/EditorResources/S_Trigger.uasset" 89
"../../../Engine/Content/EditorResources/LightIcons/S_LightError.uasset" 90
"../../../Engine/Content/EditorResources/SequenceRecorder/Countdown.uasset" 91
"../../../Engine/Content/EditorResources/SequenceRecorder/RecordingIndicator.uasset" 92
"../../../Engine/Content/EditorSounds/Notifications/CompileFailed.uasset" 93
"../../../Engine/Content/EditorSounds/Notifications/CompileFailed_Cue.uasset" 94
"../../../Engine/Content/EditorSounds/Notifications/CompileSuccess.uasset" 95
"../../../Engine/Content/EditorSounds/Notifications/CompileStart_Cue.uasset" 96
"../../../Engine/Content/EditorSounds/Notifications/CompileSuccess_Cue.uasset" 97
"../../../Engine/Content/EngineDamageTypes/DmgTypeBP_Environmental.uasset" 98
"../../../Engine/Content/EngineDebugMaterials/DebugEditorMaterial.uasset" 99
"../../../Engine/Content/EngineDebugMaterials/DebugMeshMaterial.uasset" 100
"../../../Engine/Content/EngineDebugMaterials/M_SimpleUnlitTranslucent.uasset" 101
"../../../Engine/Content/EngineDebugMaterials/VolumeToRender.uasset" 102
"../../../Engine/Content/EngineDebugMaterials/M_VolumeRenderSphereTracePP.uasset" 103
"../../../Engine/Content/EngineDebugMaterials/WireframeMaterial.uasset" 104
"../../../Engine/Content/EngineFonts/Faces/DroidSansFallback.uasset" 105
"../../../Engine/Content/EngineFonts/Faces/RobotoBold.uasset" 106
"../../../Engine/Content/EngineFonts/Faces/RobotoBoldItalic.uasset" 107
"../../../Engine/Content/EngineFonts/Faces/RobotoItalic.uasset" 108
"../../../Engine/Content/EngineFonts/Faces/RobotoLight.uasset" 109
"../../../Engine/Content/EngineFonts/Faces/RobotoRegular.uasset" 110
"../../../Engine/Content/EngineFonts/Roboto.uasset" 111
"../../../Engine/Content/EngineMaterials/BaseFlattenDiffuseMap.uasset" 112
"../../../Engine/Content/EngineMaterials/BaseFlattenEmissiveMap.uasset" 113
"../../../Engine/Content/EngineMaterials/BaseFlattenGrayscaleMap.uasset" 114
"../../../Engine/Content/EngineMaterials/BaseFlattenNormalMap.uasset" 115
"../../../Engine/Content/EngineMaterials/BaseFlattenMaterial.uasset" 116
"../../../Engine/Content/EngineMaterials/BlueNoise.uasset" 117
"../../../Engine/Content/EngineMaterials/DefaultBloomKernel.uasset" 118
"../../../Engine/Content/EngineMaterials/DefaultBokeh.uasset" 119
"../../../Engine/Content/EngineMaterials/DefaultDiffuse.uasset" 120
"../../../Engine/Content/EngineMaterials/DefaultDeferredDecalMaterial.uasset" 121
"../../../Engine/Content/EngineMaterials/DefaultLightFunctionMaterial.uasset" 122
"../../../Engine/Content/EngineMaterials/DefaultPhysicalMaterial.uasset" 123
"../../../Engine/Content/EngineMaterials/DefaultPostProcessMaterial.uasset" 124
"../../../Engine/Content/EngineFonts/RobotoDistanceField.uasset" 125
"../../../Engine/Content/EngineMaterials/DefaultTextMaterialOpaque.uasset" 126
"../../../Engine/Content/EngineMaterials/DefaultWhiteGrid.uasset" 127
"../../../Engine/Content/EngineMaterials/DefaultWhiteGrid_Low.uasset" 128
"../../../Engine/Content/EngineMaterials/EmissiveMeshMaterial.uasset" 129
"../../../Engine/Content/EngineMaterials/GizmoMaterial.uasset" 130
"../../../Engine/Content/EngineMaterials/MiniFont.uasset" 131
"../../../Engine/Content/EngineMaterials/InvalidLightmapSettings.uasset" 132
"../../../Engine/Content/EngineMaterials/M_InvalidLightmapSettings.uasset" 133
"../../../Engine/Content/Functions/Engine_MaterialFunctions02/WorldPositionOffset/CameraOffset.uasset" 134
"../../../Engine/Content/EngineMaterials/PhAT_JointLimitMaterial.uasset" 135
"../../../Engine/Content/EngineMaterials/PreintegratedSkinBRDF.uasset" 136
"../../../Engine/Content/EngineMaterials/RemoveSurfaceMaterial.uasset" 137
"../../../Engine/Content/EngineMaterials/WeightMapPlaceholderTexture.uasset" 138
"../../../Engine/Content/EngineResources/WhiteSquareTexture.uasset" 139
"../../../Engine/Content/EngineMaterials/Widget3DPassThrough.uasset" 140
"../../../Engine/Content/EngineMaterials/Widget3DPassThrough_Masked.uasset" 141
"../../../Engine/Content/EngineMaterials/Widget3DPassThrough_Opaque.uasset" 142
"../../../Engine/Content/EngineMaterials/Widget3DPassThrough_Masked_OneSided.uasset" 143
"../../../Engine/Content/EngineMaterials/Widget3DPassThrough_Opaque_OneSided.uasset" 144
"../../../Engine/Content/EngineMaterials/Widget3DPassThrough_Translucent.uasset" 145
"../../../Engine/Content/EngineMaterials/Widget3DPassThrough_Translucent_OneSided.uasset" 146
"../../../Engine/Content/EngineMeshes/Cube.uasset" 147
"../../../Engine/Content/EngineMeshes/Cylinder.uasset" 148
"../../../Engine/Content/EngineMeshes/Sphere.uasset" 149
"../../../Engine/Content/EngineResources/Black.uasset" 150
"../../../Engine/Content/EngineResources/DefaultTexture.uasset" 151
"../../../Engine/Content/EngineResources/DefaultTextureCube.uasset" 152
"../../../Engine/Content/EngineResources/DefaultVolumeTexture2D.uasset" 153
"../../../Engine/Content/EngineResources/DefaultVolumeTexture.uasset" 154
"../../../Engine/Content/EngineResources/GradientTexture0.uasset" 155
"../../../Engine/Content/EngineSounds/Master.uasset" 156
"../../../Engine/Content/Functions/Engine_MaterialFunctions01/Shading/ConvertFromDiffSpec.uasset" 157
"../../../Engine/Content/Functions/Engine_MaterialFunctions01/Shading/PowerToRoughness.uasset" 158
"../../../Engine/Content/Maps/Templates/Thumbnails/Default.uasset" 159
"../../../Engine/Content/Maps/Templates/Thumbnails/TimeOfDay.uasset" 160
"../../../Engine/Content/Maps/Templates/Thumbnails/VR-Basic.uasset" 161
"../../../Engine/Content/MobileResources/T_MobileControls_texture.uasset" 162
"../../../Engine/Content/MobileResources/T_MobileMenu2.uasset" 163
"../../../Engine/Content/MobileResources/HUD/AnalogHat.uasset" 164
"../../../Engine/Content/MobileResources/HUD/VirtualJoystick_Background.uasset" 165
"../../../Engine/Content/MobileResources/HUD/VirtualJoystick_Thumb.uasset" 166
"../../../Engine/Content/MobileResources/HUD/DefaultVirtualJoysticks.uasset" 167
"../../../Engine/Content/MobileResources/HUD/LeftVirtualJoystickOnly.uasset" 168
"../../../Engine/Content/MobileResources/HUD/MobileHUDButton1_off.uasset" 169
"../../../Engine/Content/MobileResources/HUD/MobileHUDButton1_on.uasset" 170
"../../../Engine/Content/MobileResources/HUD/MobileHUDButton2_off.uasset" 171
"../../../Engine/Content/MobileResources/HUD/MobileHUDButton2_on.uasset" 172
"../../../Engine/Content/MobileResources/HUD/MobileHUDButton3.uasset" 173
"../../../Engine/Content/MobileResources/HUD/MobileHUDButtonFire.uasset" 174
"../../../Engine/Content/MobileResources/HUD/MobileHUDDirectionPad.uasset" 175
"../../../Engine/Content/MobileResources/HUD/MobileHUDDirectionPad2.uasset" 176
"../../../Engine/Content/MobileResources/HUD/MobileHUDDirectionPad3.uasset" 177
"../../../Engine/Content/MobileResources/HUD/MobileHUDDirectionStick.uasset" 178
"../../../Engine/Content/MobileResources/HUD/T_Castle_ThumbstickInner.uasset" 179
"../../../Engine/Content/MobileResources/HUD/T_Castle_ThumbstickOutter.uasset" 180
"../../../Engine/Content/Tutorial/ContentIntroCurve.uasset" 181
"../../../Engine/Content/Tutorial/Basics/LevelEditorAttract.uasset" 182
"../../../Engine/Content/Tutorial/Basics/TutorialAssets/icon_tab_Levels_40x.uasset" 183
"../../../Engine/Content/Tutorial/Basics/LevelEditorOverview.uasset" 184
"../../../Engine/Content/Tutorial/BlueprintTutorials/TutorialAssets/Blueprint_64x.uasset" 185
"../../../Engine/Content/Tutorial/BlueprintTutorials/BlueprintEditorTutorial.uasset" 186
"../../../Engine/Content/Tutorial/BlueprintTutorials/LevelBlueprintEditorOverview.uasset" 187
"../../../Engine/Content/Tutorial/SubEditors/StaticMeshEditorTutorial.uasset" 188
"../../../Engine/Content/VREditor/LaserPointer/VR_LaserPower_01.uasset" 189
"../../../Engine/Content/VREditor/TransformGizmo/TransformGizmoMaterial.uasset" 190
"../../../Engine/Content/VREditor/TransformGizmo/TranslucentTransformGizmoMaterial.uasset" 191
"../../../Engine/Content/VREditor/TransformGizmo/BoundingBoxCorner.uasset" 192
"../../../Engine/Content/VREditor/TransformGizmo/BoundingBoxEdge.uasset" 193
"../../../Engine/Content/VREditor/TransformGizmo/PlaneTranslationHandle.uasset" 194
"../../../Engine/Content/VREditor/TransformGizmo/Main.uasset" 195
"../../../Engine/Content/VREditor/TransformGizmo/Xray.uasset" 196
"../../../Engine/Content/VREditor/TransformGizmo/SM_Sequencer_Key.uasset" 197
"../../../Engine/Content/VREditor/TransformGizmo/SM_Sequencer_Node.uasset" 198
"../../Plugins/2D/Paper2D/Content/PlaceholderTextures/DummySpriteTexture.uasset" 199
"../../Plugins/2D/Paper2D/Content/DummySprite.uasset" 200
"../../Plugins/2D/Paper2D/Content/DefaultPaperTerrainMaterial.uasset" 201
"../../Plugins/2D/Paper2D/Content/DefaultSpriteMaterial.uasset" 202
"../../Plugins/2D/Paper2D/Content/MaskedUnlitSpriteMaterial.uasset" 203
"../../Plugins/2D/Paper2D/Content/OpaqueUnlitSpriteMaterial.uasset" 204
"../../Plugins/FX/Niagara/Content/Enums/ENiagaraBooleanLogicOps.uasset" 205
"../../Plugins/FX/Niagara/Content/Enums/ENiagaraCoordinateSpace.uasset" 206
"../../Plugins/FX/Niagara/Content/Enums/ENiagaraExpansionMode.uasset" 207
"../../Plugins/FX/Niagara/Content/Enums/ENiagaraOrientationAxis.uasset" 208
"../../Plugins/FX/Niagara/Content/Enums/ENiagaraRandomnessMode.uasset" 209
"../../../Engine/Content/Functions/Engine_MaterialFunctions02/Utility/BreakOutFloat4Components.uasset" 210
"../../../Engine/Content/Functions/Engine_MaterialFunctions02/Utility/MakeFloat2.uasset" 211
"../../../Engine/Content/Functions/Engine_MaterialFunctions02/Utility/MakeFloat3.uasset" 212
"../../Plugins/Runtime/Oculus/OculusVR/Content/Materials/OculusMR_ChromaKey.uasset" 213
"../../Plugins/Runtime/Oculus/OculusVR/Content/Materials/OculusMR_ChromaKey_Lit.uasset" 214
"../../Plugins/Runtime/Oculus/OculusVR/Content/Materials/OculusMR_OpaqueColoredMaterial.uasset" 215
"../../Plugins/Runtime/Oculus/OculusVR/Content/Materials/OculusMR_WhiteMaterial.uasset" 216
"../../../Engine/Content/EngineSky/C_Sky_Cloud_Color.uasset" 217
"../../../Engine/Content/EngineSky/C_Sky_Horizon_Color.uasset" 218
"../../../Engine/Content/EngineSky/C_Sky_Zenith_Color.uasset" 219
"../../../Engine/Content/EngineSky/T_Sky_Blue.uasset" 220
"../../../Engine/Content/EngineSky/T_Sky_Clouds_M.uasset" 221
"../../../Engine/Content/EngineSky/T_Sky_Stars.uasset" 222
"../../../Engine/Content/EngineSky/M_Sky_Panning_Clouds2.uasset" 223
"../../../Engine/Content/EngineSky/SM_SkySphere.uasset" 224
"../../../Engine/Content/EngineSky/BP_Sky_Sphere.uasset" 225
"../../../../../../Users/digit/Desktop/food-truck-sim/Content/Blueprints/BP_Item.uasset" 226
"../../../Engine/Content/BasicShapes/BasicShapeMaterial.uasset" 227
"../../../../../../Users/digit/Desktop/food-truck-sim/Content/Blueprints/EN_IceCreamAddons.uasset" 228
"../../../../../../Users/digit/Desktop/food-truck-sim/Content/Blueprints/EN_IceCreamFlavors.uasset" 229
"../../../../../../Users/digit/Desktop/food-truck-sim/Content/Meshes/SM_cone.uasset" 230
"../../../../../../Users/digit/Desktop/food-truck-sim/Content/Blueprints/BP_Cone.uasset" 231
"../../../Engine/Content/BasicShapes/Cube.uasset" 232
"../../../../../../Users/digit/Desktop/food-truck-sim/Content/Blueprints/BP_Order.uasset" 233
"../../../../../../Users/digit/Desktop/food-truck-sim/Content/Blueprints/BP_Customer.uasset" 234
"../../../Engine/Content/BasicShapes/Plane.uasset" 235
"../../../../../../Users/digit/Desktop/food-truck-sim/Content/Blueprints/BP_Tray.uasset" 236
"../../../../../../Users/digit/Desktop/food-truck-sim/Content/Levels/MotionControllerMap_BuiltData.uasset" 237
"../../../../../../Users/digit/Desktop/food-truck-sim/Content/Materials/MI_BaseMaterial2.uasset" 238
"../../../../../../Users/digit/Desktop/food-truck-sim/Content/Materials/MI_BaseMaterial3.uasset" 239
"../../../../../../Users/digit/Desktop/food-truck-sim/Content/Levels/MotionControllerMap.umap" 240
"../../../Engine/Content/Maps/Entry_BuiltData.uasset" 241
"../../../Engine/Content/Maps/Entry.umap" 242
